<?xml version="1.0" encoding="UTF-8"?>
<!-- Generated by org.testng.reporters.JUnitReportReporter -->
<testsuite hostname="DESKTOP-7M45HPA" failures="0" tests="5" name="com.runner.HostAwayTest" time="3.249" errors="0" timestamp="2023-04-09T12:05:31 PDT" skipped="0">
  <testcase classname="com.runner.HostAwayTest" name="validatePriceEntryFields" time="0.239"/>
  <system-out/>
  <testcase classname="com.runner.HostAwayTest" name="verifyBeds" time="0.656"/>
  <system-out/>
  <testcase classname="com.runner.HostAwayTest" name="verifyAmenitiesFields" time="1.305"/>
  <system-out/>
  <testcase classname="com.runner.HostAwayTest" name="verifyBedrooms" time="0.531"/>
  <system-out/>
  <testcase classname="com.runner.HostAwayTest" name="verifyBathrooms" time="0.518"/>
  <system-out/>
</testsuite> <!-- com.runner.HostAwayTest -->
